<?xml version="1.0" encoding="UTF-8"?>
<!-- Generated by org.testng.reporters.JUnitReportReporter -->
<testsuite hostname="dosysnet034" name="com.dataDriven.test.Parameterize" tests="1" failures="0" timestamp="7 Jan 2020 07:39:58 GMT" time="0.843" errors="0">
  <testcase name="fetchdata" time="0.843" classname="com.dataDriven.test.Parameterize"/>
</testsuite> <!-- com.dataDriven.test.Parameterize -->
