<?xml version="1.0" encoding="UTF-8"?>
<!-- Generated by org.testng.reporters.JUnitReportReporter -->
<testsuite hostname="dosysnet034" name="com.dataDriven.test.DataDrivenTest" tests="1" failures="0" timestamp="7 Jan 2020 07:26:41 GMT" time="11.607" errors="0">
  <testcase name="testcase1" time="11.607" classname="com.dataDriven.test.DataDrivenTest"/>
</testsuite> <!-- com.dataDriven.test.DataDrivenTest -->
